0 info it worked if it ends with ok
1 verbose cli [ 'C:\\ToolSoft\\nodeJS\\node.exe',
1 verbose cli   'C:\\ToolSoft\\nodeJS\\node_modules\\npm\\bin\\npm-cli.js',
1 verbose cli   'start' ]
2 info using npm@3.10.10
3 info using node@v6.10.1
4 verbose run-script [ 'prestart', 'start', 'poststart' ]
5 info lifecycle vuejs-tutorial@1.0.0~prestart: vuejs-tutorial@1.0.0
6 silly lifecycle vuejs-tutorial@1.0.0~prestart: no script for prestart, continuing
7 info lifecycle vuejs-tutorial@1.0.0~start: vuejs-tutorial@1.0.0
8 verbose lifecycle vuejs-tutorial@1.0.0~start: unsafe-perm in lifecycle true
9 verbose lifecycle vuejs-tutorial@1.0.0~start: PATH: C:\ToolSoft\nodeJS\node_modules\npm\bin\node-gyp-bin;E:\Web_studyNode\vuejs_tutorial\node_modules\.bin;C:\Program Files (x86)\Intel\iCLS Client\;C:\Program Files\Intel\iCLS Client\;C:\Windows\system32;C:\Windows;C:\Windows\System32\Wbem;C:\Windows\System32\WindowsPowerShell\v1.0\;C:\Program Files (x86)\Intel\Intel(R) Management Engine Components\DAL;C:\Program Files\Intel\Intel(R) Management Engine Components\DAL;C:\Program Files (x86)\Intel\Intel(R) Management Engine Components\IPT;C:\Program Files\Intel\Intel(R) Management Engine Components\IPT;C:\Program Files (x86)\NVIDIA Corporation\PhysX\Common;C:\Program Files\Intel\WiFi\bin\;C:\Program Files\Common Files\Intel\WirelessCommon\;C:\ToolSoft\git\Git\cmd;C:\ToolSoft\nodeJS\;C:\Users\kevin\AppData\Local\Microsoft\WindowsApps;C:\Users\kevin\AppData\Roaming\npm;C:\ToolSoft\VSCode\Microsoft VS Code\bin;D:\itCastsoft\feiQ;C:\Program Files\MongoDB\Server\3.4\bin
10 verbose lifecycle vuejs-tutorial@1.0.0~start: CWD: E:\Web_studyNode\vuejs_tutorial
11 silly lifecycle vuejs-tutorial@1.0.0~start: Args: [ '/d /s /c',
11 silly lifecycle   'browser-sync start --server --directory --files "code/*.html"' ]
12 silly lifecycle vuejs-tutorial@1.0.0~start: Returned: code: 1  signal: null
13 info lifecycle vuejs-tutorial@1.0.0~start: Failed to exec start script
14 verbose stack Error: vuejs-tutorial@1.0.0 start: `browser-sync start --server --directory --files "code/*.html"`
14 verbose stack Exit status 1
14 verbose stack     at EventEmitter.<anonymous> (C:\ToolSoft\nodeJS\node_modules\npm\lib\utils\lifecycle.js:255:16)
14 verbose stack     at emitTwo (events.js:106:13)
14 verbose stack     at EventEmitter.emit (events.js:191:7)
14 verbose stack     at ChildProcess.<anonymous> (C:\ToolSoft\nodeJS\node_modules\npm\lib\utils\spawn.js:40:14)
14 verbose stack     at emitTwo (events.js:106:13)
14 verbose stack     at ChildProcess.emit (events.js:191:7)
14 verbose stack     at maybeClose (internal/child_process.js:886:16)
14 verbose stack     at Process.ChildProcess._handle.onexit (internal/child_process.js:226:5)
15 verbose pkgid vuejs-tutorial@1.0.0
16 verbose cwd E:\Web_studyNode\vuejs_tutorial
17 error Windows_NT 10.0.14393
18 error argv "C:\\ToolSoft\\nodeJS\\node.exe" "C:\\ToolSoft\\nodeJS\\node_modules\\npm\\bin\\npm-cli.js" "start"
19 error node v6.10.1
20 error npm  v3.10.10
21 error code ELIFECYCLE
22 error vuejs-tutorial@1.0.0 start: `browser-sync start --server --directory --files "code/*.html"`
22 error Exit status 1
23 error Failed at the vuejs-tutorial@1.0.0 start script 'browser-sync start --server --directory --files "code/*.html"'.
23 error Make sure you have the latest version of node.js and npm installed.
23 error If you do, this is most likely a problem with the vuejs-tutorial package,
23 error not with npm itself.
23 error Tell the author that this fails on your system:
23 error     browser-sync start --server --directory --files "code/*.html"
23 error You can get information on how to open an issue for this project with:
23 error     npm bugs vuejs-tutorial
23 error Or if that isn't available, you can get their info via:
23 error     npm owner ls vuejs-tutorial
23 error There is likely additional logging output above.
24 verbose exit [ 1, true ]
